
> blog-mint@0.1.0 build
> next build

  ▲ Next.js 14.2.5
  - Environments: .env.local

   Creating an optimized production build ...
Failed to compile.

./node_modules/@sanity/document-internationalization/dist/index.js
Module not found: Package path ./compiler-runtime is not exported from package C:\Users\Talha\Documents\Projects\personal-blog\node_modules\react (see exports field in C:\Users\Talha\Documents\Projects\personal-blog\node_modules\react\package.json)

https://nextjs.org/docs/messages/module-not-found

Import trace for requested module:
./sanity.config.ts

./node_modules/@sanity/document-internationalization/dist/index.js
Module not found: Can't resolve 'sanity-plugin-internationalized-array'

https://nextjs.org/docs/messages/module-not-found

Import trace for requested module:
./sanity.config.ts

./node_modules/@sanity/document-internationalization/node_modules/@sanity/ui/dist/_chunks-es/_visual-editing.mjs
Module not found: Can't resolve 'react-is'

https://nextjs.org/docs/messages/module-not-found

Import trace for requested module:
./node_modules/@sanity/document-internationalization/node_modules/@sanity/ui/dist/index.mjs
./node_modules/@sanity/document-internationalization/dist/index.js
./sanity.config.ts

./node_modules/@sanity/insert-menu/dist/index.js
Module not found: Can't resolve 'react-is'

https://nextjs.org/docs/messages/module-not-found

Import trace for requested module:
./node_modules/sanity/lib/index.mjs
./sanity.config.ts

./node_modules/@sanity/ui/dist/_chunks-es/_visual-editing.mjs
Module not found: Can't resolve 'react-is'

https://nextjs.org/docs/messages/module-not-found

Import trace for requested module:
./node_modules/@sanity/ui/dist/_visual-editing.mjs
./node_modules/@sanity/visual-editing/dist/react/index.js
./node_modules/next-sanity/dist/_chunks-es/VisualEditing.js
./node_modules/next-sanity/dist/visual-editing/client-component.js


> Build failed because of webpack errors
